# JRE version: Java(TM) SE Runtime Environment (8.0_271-b09) (build 1.8.0_271-b09)
# Java VM: Java HotSpot(TM) 64-Bit Server VM (25.271-b09 mixed mode windows-amd64 compressed oops)
Heap:
 PSYoungGen      total 37888K, used 2521K [0x00000000d6000000, 0x00000000d8a00000, 0x0000000100000000)
  eden space 32768K, 2% used [0x00000000d6000000,0x00000000d60e6e60,0x00000000d8000000)
  from space 5120K, 31% used [0x00000000d8000000,0x00000000d818f8f8,0x00000000d8500000)
  to   space 5120K, 0% used [0x00000000d8500000,0x00000000d8500000,0x00000000d8a00000)
 ParOldGen       total 52736K, used 11958K [0x0000000082000000, 0x0000000085380000, 0x00000000d6000000)
  object space 52736K, 22% used [0x0000000082000000,0x0000000082bada90,0x0000000085380000)
 Metaspace       used 26051K, capacity 26426K, committed 26800K, reserved 1073152K
  class space    used 3097K, capacity 3205K, committed 3248K, reserved 1048576K
GC Heap History (10 events):
Event: 5.916 GC heap before
{Heap before GC invocations=3 (full 1):
 PSYoungGen      total 37888K, used 5118K [0x00000000d6000000, 0x00000000d8a00000, 0x0000000100000000)
  eden space 32768K, 0% used [0x00000000d6000000,0x00000000d6000000,0x00000000d8000000)
  from space 5120K, 99% used [0x00000000d8500000,0x00000000d89ffb30,0x00000000d8a00000)
  to   space 5120K, 0% used [0x00000000d8000000,0x00000000d8000000,0x00000000d8500000)
 ParOldGen       total 86016K, used 13424K [0x0000000082000000, 0x0000000087400000, 0x00000000d6000000)
  object space 86016K, 15% used [0x0000000082000000,0x0000000082d1c1e8,0x0000000087400000)
 Metaspace       used 20897K, capacity 21168K, committed 21296K, reserved 1069056K
  class space    used 2487K, capacity 2588K, committed 2608K, reserved 1048576K
Event: 5.937 GC heap after
Heap after GC invocations=3 (full 1):
 PSYoungGen      total 37888K, used 0K [0x00000000d6000000, 0x00000000d8a00000, 0x0000000100000000)
  eden space 32768K, 0% used [0x00000000d6000000,0x00000000d6000000,0x00000000d8000000)
  from space 5120K, 0% used [0x00000000d8500000,0x00000000d8500000,0x00000000d8a00000)
  to   space 5120K, 0% used [0x00000000d8000000,0x00000000d8000000,0x00000000d8500000)
 ParOldGen       total 52736K, used 11136K [0x0000000082000000, 0x0000000085380000, 0x00000000d6000000)
  object space 52736K, 21% used [0x0000000082000000,0x0000000082ae02a8,0x0000000085380000)
 Metaspace       used 20897K, capacity 21168K, committed 21296K, reserved 1069056K
  class space    used 2487K, capacity 2588K, committed 2608K, reserved 1048576K
}
Event: 7.911 GC heap before
{Heap before GC invocations=4 (full 1):
 PSYoungGen      total 37888K, used 9832K [0x00000000d6000000, 0x00000000d8a00000, 0x0000000100000000)
  eden space 32768K, 30% used [0x00000000d6000000,0x00000000d699a0f8,0x00000000d8000000)
  from space 5120K, 0% used [0x00000000d8500000,0x00000000d8500000,0x00000000d8a00000)
  to   space 5120K, 0% used [0x00000000d8000000,0x00000000d8000000,0x00000000d8500000)
 ParOldGen       total 52736K, used 11136K [0x0000000082000000, 0x0000000085380000, 0x00000000d6000000)
  object space 52736K, 21% used [0x0000000082000000,0x0000000082ae02a8,0x0000000085380000)
 Metaspace       used 23689K, capacity 24052K, committed 24240K, reserved 1071104K
  class space    used 2841K, capacity 2948K, committed 2992K, reserved 1048576K
Event: 7.914 GC heap after
Heap after GC invocations=4 (full 1):
 PSYoungGen      total 37888K, used 4524K [0x00000000d6000000, 0x00000000d8a00000, 0x0000000100000000)
  eden space 32768K, 0% used [0x00000000d6000000,0x00000000d6000000,0x00000000d8000000)
  from space 5120K, 88% used [0x00000000d8000000,0x00000000d846b120,0x00000000d8500000)
  to   space 5120K, 0% used [0x00000000d8500000,0x00000000d8500000,0x00000000d8a00000)
 ParOldGen       total 52736K, used 16678K [0x0000000082000000, 0x0000000085380000, 0x00000000d6000000)
  object space 52736K, 31% used [0x0000000082000000,0x00000000830498c8,0x0000000085380000)
 Metaspace       used 23689K, capacity 24052K, committed 24240K, reserved 1071104K
  class space    used 2841K, capacity 2948K, committed 2992K, reserved 1048576K
}
Event: 7.914 GC heap before
{Heap before GC invocations=5 (full 2):
 PSYoungGen      total 37888K, used 4524K [0x00000000d6000000, 0x00000000d8a00000, 0x0000000100000000)
  eden space 32768K, 0% used [0x00000000d6000000,0x00000000d6000000,0x00000000d8000000)
  from space 5120K, 88% used [0x00000000d8000000,0x00000000d846b120,0x00000000d8500000)
  to   space 5120K, 0% used [0x00000000d8500000,0x00000000d8500000,0x00000000d8a00000)
 ParOldGen       total 52736K, used 16678K [0x0000000082000000, 0x0000000085380000, 0x00000000d6000000)
  object space 52736K, 31% used [0x0000000082000000,0x00000000830498c8,0x0000000085380000)
 Metaspace       used 23689K, capacity 24052K, committed 24240K, reserved 1071104K
  class space    used 2841K, capacity 2948K, committed 2992K, reserved 1048576K
Event: 7.948 GC heap after
Heap after GC invocations=5 (full 2):
 PSYoungGen      total 37888K, used 0K [0x00000000d6000000, 0x00000000d8a00000, 0x0000000100000000)
  eden space 32768K, 0% used [0x00000000d6000000,0x00000000d6000000,0x00000000d8000000)
  from space 5120K, 0% used [0x00000000d8000000,0x00000000d8000000,0x00000000d8500000)
  to   space 5120K, 0% used [0x00000000d8500000,0x00000000d8500000,0x00000000d8a00000)
 ParOldGen       total 52736K, used 11942K [0x0000000082000000, 0x0000000085380000, 0x00000000d6000000)
  object space 52736K, 22% used [0x0000000082000000,0x0000000082ba9a90,0x0000000085380000)
 Metaspace       used 23689K, capacity 24052K, committed 24240K, reserved 1071104K
  class space    used 2841K, capacity 2948K, committed 2992K, reserved 1048576K
}
Event: 12.000 GC heap before
{Heap before GC invocations=6 (full 2):
 PSYoungGen      total 37888K, used 32552K [0x00000000d6000000, 0x00000000d8a00000, 0x0000000100000000)
  eden space 32768K, 99% used [0x00000000d6000000,0x00000000d7fca110,0x00000000d8000000)
  from space 5120K, 0% used [0x00000000d8000000,0x00000000d8000000,0x00000000d8500000)
  to   space 5120K, 0% used [0x00000000d8500000,0x00000000d8500000,0x00000000d8a00000)
 ParOldGen       total 52736K, used 11942K [0x0000000082000000, 0x0000000085380000, 0x00000000d6000000)
  object space 52736K, 22% used [0x0000000082000000,0x0000000082ba9a90,0x0000000085380000)
 Metaspace       used 24694K, capacity 25044K, committed 25392K, reserved 1071104K
  class space    used 2918K, capacity 3044K, committed 3120K, reserved 1048576K
Event: 12.001 GC heap after
Heap after GC invocations=6 (full 2):
 PSYoungGen      total 37888K, used 4144K [0x00000000d6000000, 0x00000000d8a00000, 0x0000000100000000)
  eden space 32768K, 0% used [0x00000000d6000000,0x00000000d6000000,0x00000000d8000000)
  from space 5120K, 80% used [0x00000000d8500000,0x00000000d890c078,0x00000000d8a00000)
  to   space 5120K, 0% used [0x00000000d8000000,0x00000000d8000000,0x00000000d8500000)
 ParOldGen       total 52736K, used 11950K [0x0000000082000000, 0x0000000085380000, 0x00000000d6000000)
  object space 52736K, 22% used [0x0000000082000000,0x0000000082baba90,0x0000000085380000)
 Metaspace       used 24694K, capacity 25044K, committed 25392K, reserved 1071104K
  class space    used 2918K, capacity 3044K, committed 3120K, reserved 1048576K
}
Event: 14.873 GC heap before
{Heap before GC invocations=7 (full 2):
 PSYoungGen      total 37888K, used 36912K [0x00000000d6000000, 0x00000000d8a00000, 0x0000000100000000)
  eden space 32768K, 100% used [0x00000000d6000000,0x00000000d8000000,0x00000000d8000000)
  from space 5120K, 80% used [0x00000000d8500000,0x00000000d890c078,0x00000000d8a00000)
  to   space 5120K, 0% used [0x00000000d8000000,0x00000000d8000000,0x00000000d8500000)
 ParOldGen       total 52736K, used 11950K [0x0000000082000000, 0x0000000085380000, 0x00000000d6000000)
  object space 52736K, 22% used [0x0000000082000000,0x0000000082baba90,0x0000000085380000)
 Metaspace       used 25947K, capacity 26298K, committed 26544K, reserved 1073152K
  class space    used 3080K, capacity 3205K, committed 3248K, reserved 1048576K
Event: 14.874 GC heap after
Heap after GC invocations=7 (full 2):
 PSYoungGen      total 37888K, used 1598K [0x00000000d6000000, 0x00000000d8a00000, 0x0000000100000000)
  eden space 32768K, 0% used [0x00000000d6000000,0x00000000d6000000,0x00000000d8000000)
  from space 5120K, 31% used [0x00000000d8000000,0x00000000d818f8f8,0x00000000d8500000)
  to   space 5120K, 0% used [0x00000000d8500000,0x00000000d8500000,0x00000000d8a00000)
 ParOldGen       total 52736K, used 11958K [0x0000000082000000, 0x0000000085380000, 0x00000000d6000000)
  object space 52736K, 22% used [0x0000000082000000,0x0000000082bada90,0x0000000085380000)
 Metaspace       used 25947K, capacity 26298K, committed 26544K, reserved 1073152K
  class space    used 3080K, capacity 3205K, committed 3248K, reserved 1048576K
}

