# JRE version: Java(TM) SE Runtime Environment (8.0_271-b09) (build 1.8.0_271-b09)
# Java VM: Java HotSpot(TM) 64-Bit Server VM (25.271-b09 mixed mode windows-amd64 compressed oops)
Heap:
 PSYoungGen      total 24576K, used 1994K [0x00000000d6000000, 0x00000000d8a00000, 0x0000000100000000)
  eden space 22528K, 1% used [0x00000000d6000000,0x00000000d60560b8,0x00000000d7600000)
  from space 2048K, 80% used [0x00000000d7600000,0x00000000d779c7a0,0x00000000d7800000)
  to   space 10240K, 0% used [0x00000000d8000000,0x00000000d8000000,0x00000000d8a00000)
 ParOldGen       total 52736K, used 12048K [0x0000000082000000, 0x0000000085380000, 0x00000000d6000000)
  object space 52736K, 22% used [0x0000000082000000,0x0000000082bc4338,0x0000000085380000)
 Metaspace       used 26140K, capacity 26498K, committed 26800K, reserved 1073152K
  class space    used 3094K, capacity 3205K, committed 3248K, reserved 1048576K
GC Heap History (10 events):
Event: 20.278 GC heap before
{Heap before GC invocations=15 (full 2):
 PSYoungGen      total 34304K, used 25299K [0x00000000d6000000, 0x00000000d8e00000, 0x0000000100000000)
  eden space 22528K, 98% used [0x00000000d6000000,0x00000000d75a9c78,0x00000000d7600000)
  from space 11776K, 26% used [0x00000000d8280000,0x00000000d858b030,0x00000000d8e00000)
  to   space 12288K, 0% used [0x00000000d7600000,0x00000000d7600000,0x00000000d8200000)
 ParOldGen       total 52736K, used 12008K [0x0000000082000000, 0x0000000085380000, 0x00000000d6000000)
  object space 52736K, 22% used [0x0000000082000000,0x0000000082bba338,0x0000000085380000)
 Metaspace       used 24754K, capacity 25116K, committed 25392K, reserved 1071104K
  class space    used 2914K, capacity 3044K, committed 3120K, reserved 1048576K
Event: 20.279 GC heap after
Heap after GC invocations=15 (full 2):
 PSYoungGen      total 34816K, used 3084K [0x00000000d6000000, 0x00000000d8e00000, 0x0000000100000000)
  eden space 22528K, 0% used [0x00000000d6000000,0x00000000d6000000,0x00000000d7600000)
  from space 12288K, 25% used [0x00000000d7600000,0x00000000d7903030,0x00000000d8200000)
  to   space 12288K, 0% used [0x00000000d8200000,0x00000000d8200000,0x00000000d8e00000)
 ParOldGen       total 52736K, used 12016K [0x0000000082000000, 0x0000000085380000, 0x00000000d6000000)
  object space 52736K, 22% used [0x0000000082000000,0x0000000082bbc338,0x0000000085380000)
 Metaspace       used 24754K, capacity 25116K, committed 25392K, reserved 1071104K
  class space    used 2914K, capacity 3044K, committed 3120K, reserved 1048576K
}
Event: 21.067 GC heap before
{Heap before GC invocations=16 (full 2):
 PSYoungGen      total 34816K, used 25156K [0x00000000d6000000, 0x00000000d8e00000, 0x0000000100000000)
  eden space 22528K, 97% used [0x00000000d6000000,0x00000000d758e370,0x00000000d7600000)
  from space 12288K, 25% used [0x00000000d7600000,0x00000000d7903030,0x00000000d8200000)
  to   space 12288K, 0% used [0x00000000d8200000,0x00000000d8200000,0x00000000d8e00000)
 ParOldGen       total 52736K, used 12016K [0x0000000082000000, 0x0000000085380000, 0x00000000d6000000)
  object space 52736K, 22% used [0x0000000082000000,0x0000000082bbc338,0x0000000085380000)
 Metaspace       used 24757K, capacity 25116K, committed 25392K, reserved 1071104K
  class space    used 2914K, capacity 3044K, committed 3120K, reserved 1048576K
Event: 21.068 GC heap after
Heap after GC invocations=16 (full 2):
 PSYoungGen      total 33792K, used 3180K [0x00000000d6000000, 0x00000000d8d00000, 0x0000000100000000)
  eden space 22528K, 0% used [0x00000000d6000000,0x00000000d6000000,0x00000000d7600000)
  from space 11264K, 28% used [0x00000000d8200000,0x00000000d851b030,0x00000000d8d00000)
  to   space 11776K, 0% used [0x00000000d7600000,0x00000000d7600000,0x00000000d8180000)
 ParOldGen       total 52736K, used 12024K [0x0000000082000000, 0x0000000085380000, 0x00000000d6000000)
  object space 52736K, 22% used [0x0000000082000000,0x0000000082bbe338,0x0000000085380000)
 Metaspace       used 24757K, capacity 25116K, committed 25392K, reserved 1071104K
  class space    used 2914K, capacity 3044K, committed 3120K, reserved 1048576K
}
Event: 21.670 GC heap before
{Heap before GC invocations=17 (full 2):
 PSYoungGen      total 33792K, used 25235K [0x00000000d6000000, 0x00000000d8d00000, 0x0000000100000000)
  eden space 22528K, 97% used [0x00000000d6000000,0x00000000d7589fc8,0x00000000d7600000)
  from space 11264K, 28% used [0x00000000d8200000,0x00000000d851b030,0x00000000d8d00000)
  to   space 11776K, 0% used [0x00000000d7600000,0x00000000d7600000,0x00000000d8180000)
 ParOldGen       total 52736K, used 12024K [0x0000000082000000, 0x0000000085380000, 0x00000000d6000000)
  object space 52736K, 22% used [0x0000000082000000,0x0000000082bbe338,0x0000000085380000)
 Metaspace       used 24782K, capacity 25116K, committed 25392K, reserved 1071104K
  class space    used 2914K, capacity 3044K, committed 3120K, reserved 1048576K
Event: 21.671 GC heap after
Heap after GC invocations=17 (full 2):
 PSYoungGen      total 26112K, used 3148K [0x00000000d6000000, 0x00000000d8c00000, 0x0000000100000000)
  eden space 22528K, 0% used [0x00000000d6000000,0x00000000d6000000,0x00000000d7600000)
  from space 3584K, 87% used [0x00000000d7600000,0x00000000d7913030,0x00000000d7980000)
  to   space 11264K, 0% used [0x00000000d8100000,0x00000000d8100000,0x00000000d8c00000)
 ParOldGen       total 52736K, used 12032K [0x0000000082000000, 0x0000000085380000, 0x00000000d6000000)
  object space 52736K, 22% used [0x0000000082000000,0x0000000082bc0338,0x0000000085380000)
 Metaspace       used 24782K, capacity 25116K, committed 25392K, reserved 1071104K
  class space    used 2914K, capacity 3044K, committed 3120K, reserved 1048576K
}
Event: 22.489 GC heap before
{Heap before GC invocations=18 (full 2):
 PSYoungGen      total 26112K, used 25289K [0x00000000d6000000, 0x00000000d8c00000, 0x0000000100000000)
  eden space 22528K, 98% used [0x00000000d6000000,0x00000000d759f688,0x00000000d7600000)
  from space 3584K, 87% used [0x00000000d7600000,0x00000000d7913030,0x00000000d7980000)
  to   space 11264K, 0% used [0x00000000d8100000,0x00000000d8100000,0x00000000d8c00000)
 ParOldGen       total 52736K, used 12032K [0x0000000082000000, 0x0000000085380000, 0x00000000d6000000)
  object space 52736K, 22% used [0x0000000082000000,0x0000000082bc0338,0x0000000085380000)
 Metaspace       used 24784K, capacity 25116K, committed 25392K, reserved 1071104K
  class space    used 2914K, capacity 3044K, committed 3120K, reserved 1048576K
Event: 22.490 GC heap after
Heap after GC invocations=18 (full 2):
 PSYoungGen      total 32768K, used 3116K [0x00000000d6000000, 0x00000000d8b00000, 0x0000000100000000)
  eden space 22528K, 0% used [0x00000000d6000000,0x00000000d6000000,0x00000000d7600000)
  from space 10240K, 30% used [0x00000000d8100000,0x00000000d840b030,0x00000000d8b00000)
  to   space 10752K, 0% used [0x00000000d7600000,0x00000000d7600000,0x00000000d8080000)
 ParOldGen       total 52736K, used 12040K [0x0000000082000000, 0x0000000085380000, 0x00000000d6000000)
  object space 52736K, 22% used [0x0000000082000000,0x0000000082bc2338,0x0000000085380000)
 Metaspace       used 24784K, capacity 25116K, committed 25392K, reserved 1071104K
  class space    used 2914K, capacity 3044K, committed 3120K, reserved 1048576K
}
Event: 29.191 GC heap before
{Heap before GC invocations=19 (full 2):
 PSYoungGen      total 32768K, used 25644K [0x00000000d6000000, 0x00000000d8b00000, 0x0000000100000000)
  eden space 22528K, 100% used [0x00000000d6000000,0x00000000d7600000,0x00000000d7600000)
  from space 10240K, 30% used [0x00000000d8100000,0x00000000d840b030,0x00000000d8b00000)
  to   space 10752K, 0% used [0x00000000d7600000,0x00000000d7600000,0x00000000d8080000)
 ParOldGen       total 52736K, used 12040K [0x0000000082000000, 0x0000000085380000, 0x00000000d6000000)
  object space 52736K, 22% used [0x0000000082000000,0x0000000082bc2338,0x0000000085380000)
 Metaspace       used 26112K, capacity 26434K, committed 26800K, reserved 1073152K
  class space    used 3089K, capacity 3205K, committed 3248K, reserved 1048576K
Event: 29.192 GC heap after
Heap after GC invocations=19 (full 2):
 PSYoungGen      total 24576K, used 1649K [0x00000000d6000000, 0x00000000d8a00000, 0x0000000100000000)
  eden space 22528K, 0% used [0x00000000d6000000,0x00000000d6000000,0x00000000d7600000)
  from space 2048K, 80% used [0x00000000d7600000,0x00000000d779c7a0,0x00000000d7800000)
  to   space 10240K, 0% used [0x00000000d8000000,0x00000000d8000000,0x00000000d8a00000)
 ParOldGen       total 52736K, used 12048K [0x0000000082000000, 0x0000000085380000, 0x00000000d6000000)
  object space 52736K, 22% used [0x0000000082000000,0x0000000082bc4338,0x0000000085380000)
 Metaspace       used 26112K, capacity 26434K, committed 26800K, reserved 1073152K
  class space    used 3089K, capacity 3205K, committed 3248K, reserved 1048576K
}

