# JRE version: Java(TM) SE Runtime Environment (8.0_271-b09) (build 1.8.0_271-b09)
# Java VM: Java HotSpot(TM) 64-Bit Server VM (25.271-b09 mixed mode windows-amd64 compressed oops)
Heap:
 PSYoungGen      total 27136K, used 1988K [0x00000000d6000000, 0x00000000d9e80000, 0x0000000100000000)
  eden space 22016K, 1% used [0x00000000d6000000,0x00000000d60549d8,0x00000000d7580000)
  from space 5120K, 32% used [0x00000000d8500000,0x00000000d869c7a0,0x00000000d8a00000)
  to   space 15872K, 0% used [0x00000000d7580000,0x00000000d7580000,0x00000000d8500000)
 ParOldGen       total 53248K, used 11975K [0x0000000082000000, 0x0000000085400000, 0x00000000d6000000)
  object space 53248K, 22% used [0x0000000082000000,0x0000000082bb1c98,0x0000000085400000)
 Metaspace       used 26107K, capacity 26494K, committed 26800K, reserved 1073152K
  class space    used 3094K, capacity 3205K, committed 3248K, reserved 1048576K
GC Heap History (10 events):
Event: 11.433 GC heap before
{Heap before GC invocations=4 (full 1):
 PSYoungGen      total 37888K, used 9835K [0x00000000d6000000, 0x00000000d8a00000, 0x0000000100000000)
  eden space 32768K, 30% used [0x00000000d6000000,0x00000000d699ac78,0x00000000d8000000)
  from space 5120K, 0% used [0x00000000d8500000,0x00000000d8500000,0x00000000d8a00000)
  to   space 5120K, 0% used [0x00000000d8000000,0x00000000d8000000,0x00000000d8500000)
 ParOldGen       total 53248K, used 11283K [0x0000000082000000, 0x0000000085400000, 0x00000000d6000000)
  object space 53248K, 21% used [0x0000000082000000,0x0000000082b04c48,0x0000000085400000)
 Metaspace       used 23777K, capacity 24184K, committed 24496K, reserved 1071104K
  class space    used 2837K, capacity 2948K, committed 2992K, reserved 1048576K
Event: 11.435 GC heap after
Heap after GC invocations=4 (full 1):
 PSYoungGen      total 37888K, used 4499K [0x00000000d6000000, 0x00000000d8a00000, 0x0000000100000000)
  eden space 32768K, 0% used [0x00000000d6000000,0x00000000d6000000,0x00000000d8000000)
  from space 5120K, 87% used [0x00000000d8000000,0x00000000d8464f48,0x00000000d8500000)
  to   space 5120K, 0% used [0x00000000d8500000,0x00000000d8500000,0x00000000d8a00000)
 ParOldGen       total 53248K, used 16824K [0x0000000082000000, 0x0000000085400000, 0x00000000d6000000)
  object space 53248K, 31% used [0x0000000082000000,0x000000008306e268,0x0000000085400000)
 Metaspace       used 23777K, capacity 24184K, committed 24496K, reserved 1071104K
  class space    used 2837K, capacity 2948K, committed 2992K, reserved 1048576K
}
Event: 11.435 GC heap before
{Heap before GC invocations=5 (full 2):
 PSYoungGen      total 37888K, used 4499K [0x00000000d6000000, 0x00000000d8a00000, 0x0000000100000000)
  eden space 32768K, 0% used [0x00000000d6000000,0x00000000d6000000,0x00000000d8000000)
  from space 5120K, 87% used [0x00000000d8000000,0x00000000d8464f48,0x00000000d8500000)
  to   space 5120K, 0% used [0x00000000d8500000,0x00000000d8500000,0x00000000d8a00000)
 ParOldGen       total 53248K, used 16824K [0x0000000082000000, 0x0000000085400000, 0x00000000d6000000)
  object space 53248K, 31% used [0x0000000082000000,0x000000008306e268,0x0000000085400000)
 Metaspace       used 23777K, capacity 24184K, committed 24496K, reserved 1071104K
  class space    used 2837K, capacity 2948K, committed 2992K, reserved 1048576K
Event: 11.481 GC heap after
Heap after GC invocations=5 (full 2):
 PSYoungGen      total 37888K, used 0K [0x00000000d6000000, 0x00000000d8a00000, 0x0000000100000000)
  eden space 32768K, 0% used [0x00000000d6000000,0x00000000d6000000,0x00000000d8000000)
  from space 5120K, 0% used [0x00000000d8000000,0x00000000d8000000,0x00000000d8500000)
  to   space 5120K, 0% used [0x00000000d8500000,0x00000000d8500000,0x00000000d8a00000)
 ParOldGen       total 53248K, used 11951K [0x0000000082000000, 0x0000000085400000, 0x00000000d6000000)
  object space 53248K, 22% used [0x0000000082000000,0x0000000082babc98,0x0000000085400000)
 Metaspace       used 23777K, capacity 24184K, committed 24496K, reserved 1071104K
  class space    used 2837K, capacity 2948K, committed 2992K, reserved 1048576K
}
Event: 16.584 GC heap before
{Heap before GC invocations=6 (full 2):
 PSYoungGen      total 37888K, used 31960K [0x00000000d6000000, 0x00000000d8a00000, 0x0000000100000000)
  eden space 32768K, 97% used [0x00000000d6000000,0x00000000d7f360e8,0x00000000d8000000)
  from space 5120K, 0% used [0x00000000d8000000,0x00000000d8000000,0x00000000d8500000)
  to   space 5120K, 0% used [0x00000000d8500000,0x00000000d8500000,0x00000000d8a00000)
 ParOldGen       total 53248K, used 11951K [0x0000000082000000, 0x0000000085400000, 0x00000000d6000000)
  object space 53248K, 22% used [0x0000000082000000,0x0000000082babc98,0x0000000085400000)
 Metaspace       used 24744K, capacity 25112K, committed 25392K, reserved 1071104K
  class space    used 2915K, capacity 3044K, committed 3120K, reserved 1048576K
Event: 16.585 GC heap after
Heap after GC invocations=6 (full 2):
 PSYoungGen      total 37888K, used 4112K [0x00000000d6000000, 0x00000000d8a00000, 0x0000000100000000)
  eden space 32768K, 0% used [0x00000000d6000000,0x00000000d6000000,0x00000000d8000000)
  from space 5120K, 80% used [0x00000000d8500000,0x00000000d8904078,0x00000000d8a00000)
  to   space 5120K, 0% used [0x00000000d8000000,0x00000000d8000000,0x00000000d8500000)
 ParOldGen       total 53248K, used 11959K [0x0000000082000000, 0x0000000085400000, 0x00000000d6000000)
  object space 53248K, 22% used [0x0000000082000000,0x0000000082badc98,0x0000000085400000)
 Metaspace       used 24744K, capacity 25112K, committed 25392K, reserved 1071104K
  class space    used 2915K, capacity 3044K, committed 3120K, reserved 1048576K
}
Event: 17.672 GC heap before
{Heap before GC invocations=7 (full 2):
 PSYoungGen      total 37888K, used 36463K [0x00000000d6000000, 0x00000000d8a00000, 0x0000000100000000)
  eden space 32768K, 98% used [0x00000000d6000000,0x00000000d7f97db8,0x00000000d8000000)
  from space 5120K, 80% used [0x00000000d8500000,0x00000000d8904078,0x00000000d8a00000)
  to   space 5120K, 0% used [0x00000000d8000000,0x00000000d8000000,0x00000000d8500000)
 ParOldGen       total 53248K, used 11959K [0x0000000082000000, 0x0000000085400000, 0x00000000d6000000)
  object space 53248K, 22% used [0x0000000082000000,0x0000000082badc98,0x0000000085400000)
 Metaspace       used 24749K, capacity 25112K, committed 25392K, reserved 1071104K
  class space    used 2915K, capacity 3044K, committed 3120K, reserved 1048576K
Event: 17.673 GC heap after
Heap after GC invocations=7 (full 2):
 PSYoungGen      total 37888K, used 4016K [0x00000000d6000000, 0x00000000d8a00000, 0x0000000100000000)
  eden space 32768K, 0% used [0x00000000d6000000,0x00000000d6000000,0x00000000d8000000)
  from space 5120K, 78% used [0x00000000d8000000,0x00000000d83ec078,0x00000000d8500000)
  to   space 5120K, 0% used [0x00000000d8500000,0x00000000d8500000,0x00000000d8a00000)
 ParOldGen       total 53248K, used 11967K [0x0000000082000000, 0x0000000085400000, 0x00000000d6000000)
  object space 53248K, 22% used [0x0000000082000000,0x0000000082bafc98,0x0000000085400000)
 Metaspace       used 24749K, capacity 25112K, committed 25392K, reserved 1071104K
  class space    used 2915K, capacity 3044K, committed 3120K, reserved 1048576K
}
Event: 26.723 GC heap before
{Heap before GC invocations=8 (full 2):
 PSYoungGen      total 37888K, used 36784K [0x00000000d6000000, 0x00000000d8a00000, 0x0000000100000000)
  eden space 32768K, 100% used [0x00000000d6000000,0x00000000d8000000,0x00000000d8000000)
  from space 5120K, 78% used [0x00000000d8000000,0x00000000d83ec078,0x00000000d8500000)
  to   space 5120K, 0% used [0x00000000d8500000,0x00000000d8500000,0x00000000d8a00000)
 ParOldGen       total 53248K, used 11967K [0x0000000082000000, 0x0000000085400000, 0x00000000d6000000)
  object space 53248K, 22% used [0x0000000082000000,0x0000000082bafc98,0x0000000085400000)
 Metaspace       used 26088K, capacity 26430K, committed 26800K, reserved 1073152K
  class space    used 3091K, capacity 3205K, committed 3248K, reserved 1048576K
Event: 26.726 GC heap after
Heap after GC invocations=8 (full 2):
 PSYoungGen      total 27136K, used 1649K [0x00000000d6000000, 0x00000000d9e80000, 0x0000000100000000)
  eden space 22016K, 0% used [0x00000000d6000000,0x00000000d6000000,0x00000000d7580000)
  from space 5120K, 32% used [0x00000000d8500000,0x00000000d869c7a0,0x00000000d8a00000)
  to   space 15872K, 0% used [0x00000000d7580000,0x00000000d7580000,0x00000000d8500000)
 ParOldGen       total 53248K, used 11975K [0x0000000082000000, 0x0000000085400000, 0x00000000d6000000)
  object space 53248K, 22% used [0x0000000082000000,0x0000000082bb1c98,0x0000000085400000)
 Metaspace       used 26088K, capacity 26430K, committed 26800K, reserved 1073152K
  class space    used 3091K, capacity 3205K, committed 3248K, reserved 1048576K
}

