# JRE version: Java(TM) SE Runtime Environment (8.0_271-b09) (build 1.8.0_271-b09)
# Java VM: Java HotSpot(TM) 64-Bit Server VM (25.271-b09 mixed mode windows-amd64 compressed oops)
Heap:
 PSYoungGen      total 34304K, used 3183K [0x00000000d6000000, 0x00000000d8b80000, 0x0000000100000000)
  eden space 24064K, 7% used [0x00000000d6000000,0x00000000d61b46a8,0x00000000d7780000)
  from space 10240K, 14% used [0x00000000d8180000,0x00000000d82e78f8,0x00000000d8b80000)
  to   space 10240K, 0% used [0x00000000d7780000,0x00000000d7780000,0x00000000d8180000)
 ParOldGen       total 49664K, used 11958K [0x0000000082000000, 0x0000000085080000, 0x00000000d6000000)
  object space 49664K, 24% used [0x0000000082000000,0x0000000082badb60,0x0000000085080000)
 Metaspace       used 26130K, capacity 26498K, committed 26800K, reserved 1073152K
  class space    used 3094K, capacity 3205K, committed 3248K, reserved 1048576K
GC Heap History (10 events):
Event: 66.886 GC heap before
{Heap before GC invocations=12 (full 2):
 PSYoungGen      total 35840K, used 27031K [0x00000000d6000000, 0x00000000d8e80000, 0x0000000100000000)
  eden space 24064K, 99% used [0x00000000d6000000,0x00000000d774ad18,0x00000000d7780000)
  from space 11776K, 27% used [0x00000000d7780000,0x00000000d7a9b030,0x00000000d8300000)
  to   space 11776K, 0% used [0x00000000d8300000,0x00000000d8300000,0x00000000d8e80000)
 ParOldGen       total 49664K, used 11918K [0x0000000082000000, 0x0000000085080000, 0x00000000d6000000)
  object space 49664K, 23% used [0x0000000082000000,0x0000000082ba3b60,0x0000000085080000)
 Metaspace       used 24738K, capacity 25116K, committed 25392K, reserved 1071104K
  class space    used 2913K, capacity 3044K, committed 3120K, reserved 1048576K
Event: 66.887 GC heap after
Heap after GC invocations=12 (full 2):
 PSYoungGen      total 34816K, used 3148K [0x00000000d6000000, 0x00000000d8d80000, 0x0000000100000000)
  eden space 24064K, 0% used [0x00000000d6000000,0x00000000d6000000,0x00000000d7780000)
  from space 10752K, 29% used [0x00000000d8300000,0x00000000d8613030,0x00000000d8d80000)
  to   space 11264K, 0% used [0x00000000d7780000,0x00000000d7780000,0x00000000d8280000)
 ParOldGen       total 49664K, used 11926K [0x0000000082000000, 0x0000000085080000, 0x00000000d6000000)
  object space 49664K, 24% used [0x0000000082000000,0x0000000082ba5b60,0x0000000085080000)
 Metaspace       used 24738K, capacity 25116K, committed 25392K, reserved 1071104K
  class space    used 2913K, capacity 3044K, committed 3120K, reserved 1048576K
}
Event: 67.381 GC heap before
{Heap before GC invocations=13 (full 2):
 PSYoungGen      total 34816K, used 26407K [0x00000000d6000000, 0x00000000d8d80000, 0x0000000100000000)
  eden space 24064K, 96% used [0x00000000d6000000,0x00000000d76b6d38,0x00000000d7780000)
  from space 10752K, 29% used [0x00000000d8300000,0x00000000d8613030,0x00000000d8d80000)
  to   space 11264K, 0% used [0x00000000d7780000,0x00000000d7780000,0x00000000d8280000)
 ParOldGen       total 49664K, used 11926K [0x0000000082000000, 0x0000000085080000, 0x00000000d6000000)
  object space 49664K, 24% used [0x0000000082000000,0x0000000082ba5b60,0x0000000085080000)
 Metaspace       used 24746K, capacity 25116K, committed 25392K, reserved 1071104K
  class space    used 2913K, capacity 3044K, committed 3120K, reserved 1048576K
Event: 67.382 GC heap after
Heap after GC invocations=13 (full 2):
 PSYoungGen      total 35328K, used 4080K [0x00000000d6000000, 0x00000000d8d80000, 0x0000000100000000)
  eden space 24064K, 0% used [0x00000000d6000000,0x00000000d6000000,0x00000000d7780000)
  from space 11264K, 36% used [0x00000000d7780000,0x00000000d7b7c078,0x00000000d8280000)
  to   space 11264K, 0% used [0x00000000d8280000,0x00000000d8280000,0x00000000d8d80000)
 ParOldGen       total 49664K, used 11934K [0x0000000082000000, 0x0000000085080000, 0x00000000d6000000)
  object space 49664K, 24% used [0x0000000082000000,0x0000000082ba7b60,0x0000000085080000)
 Metaspace       used 24746K, capacity 25116K, committed 25392K, reserved 1071104K
  class space    used 2913K, capacity 3044K, committed 3120K, reserved 1048576K
}
Event: 67.914 GC heap before
{Heap before GC invocations=14 (full 2):
 PSYoungGen      total 35328K, used 28139K [0x00000000d6000000, 0x00000000d8d80000, 0x0000000100000000)
  eden space 24064K, 99% used [0x00000000d6000000,0x00000000d777ee78,0x00000000d7780000)
  from space 11264K, 36% used [0x00000000d7780000,0x00000000d7b7c078,0x00000000d8280000)
  to   space 11264K, 0% used [0x00000000d8280000,0x00000000d8280000,0x00000000d8d80000)
 ParOldGen       total 49664K, used 11934K [0x0000000082000000, 0x0000000085080000, 0x00000000d6000000)
  object space 49664K, 24% used [0x0000000082000000,0x0000000082ba7b60,0x0000000085080000)
 Metaspace       used 24752K, capacity 25116K, committed 25392K, reserved 1071104K
  class space    used 2913K, capacity 3044K, committed 3120K, reserved 1048576K
Event: 67.915 GC heap after
Heap after GC invocations=14 (full 2):
 PSYoungGen      total 34304K, used 4080K [0x00000000d6000000, 0x00000000d8c80000, 0x0000000100000000)
  eden space 24064K, 0% used [0x00000000d6000000,0x00000000d6000000,0x00000000d7780000)
  from space 10240K, 39% used [0x00000000d8280000,0x00000000d867c078,0x00000000d8c80000)
  to   space 10752K, 0% used [0x00000000d7780000,0x00000000d7780000,0x00000000d8200000)
 ParOldGen       total 49664K, used 11942K [0x0000000082000000, 0x0000000085080000, 0x00000000d6000000)
  object space 49664K, 24% used [0x0000000082000000,0x0000000082ba9b60,0x0000000085080000)
 Metaspace       used 24752K, capacity 25116K, committed 25392K, reserved 1071104K
  class space    used 2913K, capacity 3044K, committed 3120K, reserved 1048576K
}
Event: 68.447 GC heap before
{Heap before GC invocations=15 (full 2):
 PSYoungGen      total 34304K, used 27967K [0x00000000d6000000, 0x00000000d8c80000, 0x0000000100000000)
  eden space 24064K, 99% used [0x00000000d6000000,0x00000000d7753ed8,0x00000000d7780000)
  from space 10240K, 39% used [0x00000000d8280000,0x00000000d867c078,0x00000000d8c80000)
  to   space 10752K, 0% used [0x00000000d7780000,0x00000000d7780000,0x00000000d8200000)
 ParOldGen       total 49664K, used 11942K [0x0000000082000000, 0x0000000085080000, 0x00000000d6000000)
  object space 49664K, 24% used [0x0000000082000000,0x0000000082ba9b60,0x0000000085080000)
 Metaspace       used 24761K, capacity 25116K, committed 25392K, reserved 1071104K
  class space    used 2913K, capacity 3044K, committed 3120K, reserved 1048576K
Event: 68.448 GC heap after
Heap after GC invocations=15 (full 2):
 PSYoungGen      total 28672K, used 4112K [0x00000000d6000000, 0x00000000d8b80000, 0x0000000100000000)
  eden space 24064K, 0% used [0x00000000d6000000,0x00000000d6000000,0x00000000d7780000)
  from space 4608K, 89% used [0x00000000d7780000,0x00000000d7b84078,0x00000000d7c00000)
  to   space 10240K, 0% used [0x00000000d8180000,0x00000000d8180000,0x00000000d8b80000)
 ParOldGen       total 49664K, used 11950K [0x0000000082000000, 0x0000000085080000, 0x00000000d6000000)
  object space 49664K, 24% used [0x0000000082000000,0x0000000082babb60,0x0000000085080000)
 Metaspace       used 24761K, capacity 25116K, committed 25392K, reserved 1071104K
  class space    used 2913K, capacity 3044K, committed 3120K, reserved 1048576K
}
Event: 76.870 GC heap before
{Heap before GC invocations=16 (full 2):
 PSYoungGen      total 28672K, used 28176K [0x00000000d6000000, 0x00000000d8b80000, 0x0000000100000000)
  eden space 24064K, 100% used [0x00000000d6000000,0x00000000d7780000,0x00000000d7780000)
  from space 4608K, 89% used [0x00000000d7780000,0x00000000d7b84078,0x00000000d7c00000)
  to   space 10240K, 0% used [0x00000000d8180000,0x00000000d8180000,0x00000000d8b80000)
 ParOldGen       total 49664K, used 11950K [0x0000000082000000, 0x0000000085080000, 0x00000000d6000000)
  object space 49664K, 24% used [0x0000000082000000,0x0000000082babb60,0x0000000085080000)
 Metaspace       used 25955K, capacity 26274K, committed 26544K, reserved 1073152K
  class space    used 3061K, capacity 3173K, committed 3248K, reserved 1048576K
Event: 76.872 GC heap after
Heap after GC invocations=16 (full 2):
 PSYoungGen      total 34304K, used 1438K [0x00000000d6000000, 0x00000000d8b80000, 0x0000000100000000)
  eden space 24064K, 0% used [0x00000000d6000000,0x00000000d6000000,0x00000000d7780000)
  from space 10240K, 14% used [0x00000000d8180000,0x00000000d82e78f8,0x00000000d8b80000)
  to   space 10240K, 0% used [0x00000000d7780000,0x00000000d7780000,0x00000000d8180000)
 ParOldGen       total 49664K, used 11958K [0x0000000082000000, 0x0000000085080000, 0x00000000d6000000)
  object space 49664K, 24% used [0x0000000082000000,0x0000000082badb60,0x0000000085080000)
 Metaspace       used 25955K, capacity 26274K, committed 26544K, reserved 1073152K
  class space    used 3061K, capacity 3173K, committed 3248K, reserved 1048576K
}

