# JRE version: Java(TM) SE Runtime Environment (8.0_271-b09) (build 1.8.0_271-b09)
# Java VM: Java HotSpot(TM) 64-Bit Server VM (25.271-b09 mixed mode windows-amd64 compressed oops)
Heap:
 PSYoungGen      total 36864K, used 2459K [0x00000000d6000000, 0x00000000d9200000, 0x0000000100000000)
  eden space 22528K, 3% used [0x00000000d6000000,0x00000000d60cf568,0x00000000d7600000)
  from space 14336K, 11% used [0x00000000d7600000,0x00000000d77978f8,0x00000000d8400000)
  to   space 14336K, 0% used [0x00000000d8400000,0x00000000d8400000,0x00000000d9200000)
 ParOldGen       total 52736K, used 11995K [0x0000000082000000, 0x0000000085380000, 0x00000000d6000000)
  object space 52736K, 22% used [0x0000000082000000,0x0000000082bb6f40,0x0000000085380000)
 Metaspace       used 26096K, capacity 26490K, committed 26800K, reserved 1073152K
  class space    used 3093K, capacity 3205K, committed 3248K, reserved 1048576K
GC Heap History (10 events):
Event: 17.540 GC heap before
{Heap before GC invocations=7 (full 2):
 PSYoungGen      total 37888K, used 36462K [0x00000000d6000000, 0x00000000d8a00000, 0x0000000100000000)
  eden space 32768K, 98% used [0x00000000d6000000,0x00000000d7f97ab0,0x00000000d8000000)
  from space 5120K, 80% used [0x00000000d8500000,0x00000000d8904078,0x00000000d8a00000)
  to   space 5120K, 0% used [0x00000000d8000000,0x00000000d8000000,0x00000000d8500000)
 ParOldGen       total 52736K, used 11955K [0x0000000082000000, 0x0000000085380000, 0x00000000d6000000)
  object space 52736K, 22% used [0x0000000082000000,0x0000000082bacf40,0x0000000085380000)
 Metaspace       used 24705K, capacity 25044K, committed 25392K, reserved 1071104K
  class space    used 2911K, capacity 3044K, committed 3120K, reserved 1048576K
Event: 17.541 GC heap after
Heap after GC invocations=7 (full 2):
 PSYoungGen      total 37888K, used 4080K [0x00000000d6000000, 0x00000000d8a00000, 0x0000000100000000)
  eden space 32768K, 0% used [0x00000000d6000000,0x00000000d6000000,0x00000000d8000000)
  from space 5120K, 79% used [0x00000000d8000000,0x00000000d83fc078,0x00000000d8500000)
  to   space 5120K, 0% used [0x00000000d8500000,0x00000000d8500000,0x00000000d8a00000)
 ParOldGen       total 52736K, used 11963K [0x0000000082000000, 0x0000000085380000, 0x00000000d6000000)
  object space 52736K, 22% used [0x0000000082000000,0x0000000082baef40,0x0000000085380000)
 Metaspace       used 24705K, capacity 25044K, committed 25392K, reserved 1071104K
  class space    used 2911K, capacity 3044K, committed 3120K, reserved 1048576K
}
Event: 18.332 GC heap before
{Heap before GC invocations=8 (full 2):
 PSYoungGen      total 37888K, used 36583K [0x00000000d6000000, 0x00000000d8a00000, 0x0000000100000000)
  eden space 32768K, 99% used [0x00000000d6000000,0x00000000d7fbdc70,0x00000000d8000000)
  from space 5120K, 79% used [0x00000000d8000000,0x00000000d83fc078,0x00000000d8500000)
  to   space 5120K, 0% used [0x00000000d8500000,0x00000000d8500000,0x00000000d8a00000)
 ParOldGen       total 52736K, used 11963K [0x0000000082000000, 0x0000000085380000, 0x00000000d6000000)
  object space 52736K, 22% used [0x0000000082000000,0x0000000082baef40,0x0000000085380000)
 Metaspace       used 24715K, capacity 25044K, committed 25392K, reserved 1071104K
  class space    used 2911K, capacity 3044K, committed 3120K, reserved 1048576K
Event: 18.333 GC heap after
Heap after GC invocations=8 (full 2):
 PSYoungGen      total 27648K, used 3180K [0x00000000d6000000, 0x00000000d9d80000, 0x0000000100000000)
  eden space 22528K, 0% used [0x00000000d6000000,0x00000000d6000000,0x00000000d7600000)
  from space 5120K, 62% used [0x00000000d8500000,0x00000000d881b030,0x00000000d8a00000)
  to   space 15360K, 0% used [0x00000000d7600000,0x00000000d7600000,0x00000000d8500000)
 ParOldGen       total 52736K, used 11971K [0x0000000082000000, 0x0000000085380000, 0x00000000d6000000)
  object space 52736K, 22% used [0x0000000082000000,0x0000000082bb0f40,0x0000000085380000)
 Metaspace       used 24715K, capacity 25044K, committed 25392K, reserved 1071104K
  class space    used 2911K, capacity 3044K, committed 3120K, reserved 1048576K
}
Event: 18.854 GC heap before
{Heap before GC invocations=9 (full 2):
 PSYoungGen      total 27648K, used 25142K [0x00000000d6000000, 0x00000000d9d80000, 0x0000000100000000)
  eden space 22528K, 97% used [0x00000000d6000000,0x00000000d7572a00,0x00000000d7600000)
  from space 5120K, 62% used [0x00000000d8500000,0x00000000d881b030,0x00000000d8a00000)
  to   space 15360K, 0% used [0x00000000d7600000,0x00000000d7600000,0x00000000d8500000)
 ParOldGen       total 52736K, used 11971K [0x0000000082000000, 0x0000000085380000, 0x00000000d6000000)
  object space 52736K, 22% used [0x0000000082000000,0x0000000082bb0f40,0x0000000085380000)
 Metaspace       used 24717K, capacity 25044K, committed 25392K, reserved 1071104K
  class space    used 2911K, capacity 3044K, committed 3120K, reserved 1048576K
Event: 18.855 GC heap after
Heap after GC invocations=9 (full 2):
 PSYoungGen      total 26112K, used 3148K [0x00000000d6000000, 0x00000000d9300000, 0x0000000100000000)
  eden space 22528K, 0% used [0x00000000d6000000,0x00000000d6000000,0x00000000d7600000)
  from space 3584K, 87% used [0x00000000d7600000,0x00000000d7913030,0x00000000d7980000)
  to   space 14848K, 0% used [0x00000000d8480000,0x00000000d8480000,0x00000000d9300000)
 ParOldGen       total 52736K, used 11979K [0x0000000082000000, 0x0000000085380000, 0x00000000d6000000)
  object space 52736K, 22% used [0x0000000082000000,0x0000000082bb2f40,0x0000000085380000)
 Metaspace       used 24717K, capacity 25044K, committed 25392K, reserved 1071104K
  class space    used 2911K, capacity 3044K, committed 3120K, reserved 1048576K
}
Event: 19.408 GC heap before
{Heap before GC invocations=10 (full 2):
 PSYoungGen      total 26112K, used 25179K [0x00000000d6000000, 0x00000000d9300000, 0x0000000100000000)
  eden space 22528K, 97% used [0x00000000d6000000,0x00000000d7583d90,0x00000000d7600000)
  from space 3584K, 87% used [0x00000000d7600000,0x00000000d7913030,0x00000000d7980000)
  to   space 14848K, 0% used [0x00000000d8480000,0x00000000d8480000,0x00000000d9300000)
 ParOldGen       total 52736K, used 11979K [0x0000000082000000, 0x0000000085380000, 0x00000000d6000000)
  object space 52736K, 22% used [0x0000000082000000,0x0000000082bb2f40,0x0000000085380000)
 Metaspace       used 24722K, capacity 25044K, committed 25392K, reserved 1071104K
  class space    used 2912K, capacity 3044K, committed 3120K, reserved 1048576K
Event: 19.409 GC heap after
Heap after GC invocations=10 (full 2):
 PSYoungGen      total 36352K, used 3180K [0x00000000d6000000, 0x00000000d9200000, 0x0000000100000000)
  eden space 22528K, 0% used [0x00000000d6000000,0x00000000d6000000,0x00000000d7600000)
  from space 13824K, 23% used [0x00000000d8480000,0x00000000d879b030,0x00000000d9200000)
  to   space 14336K, 0% used [0x00000000d7600000,0x00000000d7600000,0x00000000d8400000)
 ParOldGen       total 52736K, used 11987K [0x0000000082000000, 0x0000000085380000, 0x00000000d6000000)
  object space 52736K, 22% used [0x0000000082000000,0x0000000082bb4f40,0x0000000085380000)
 Metaspace       used 24722K, capacity 25044K, committed 25392K, reserved 1071104K
  class space    used 2912K, capacity 3044K, committed 3120K, reserved 1048576K
}
Event: 27.208 GC heap before
{Heap before GC invocations=11 (full 2):
 PSYoungGen      total 36352K, used 25708K [0x00000000d6000000, 0x00000000d9200000, 0x0000000100000000)
  eden space 22528K, 100% used [0x00000000d6000000,0x00000000d7600000,0x00000000d7600000)
  from space 13824K, 23% used [0x00000000d8480000,0x00000000d879b030,0x00000000d9200000)
  to   space 14336K, 0% used [0x00000000d7600000,0x00000000d7600000,0x00000000d8400000)
 ParOldGen       total 52736K, used 11987K [0x0000000082000000, 0x0000000085380000, 0x00000000d6000000)
  object space 52736K, 22% used [0x0000000082000000,0x0000000082bb4f40,0x0000000085380000)
 Metaspace       used 25965K, capacity 26330K, committed 26800K, reserved 1073152K
  class space    used 3070K, capacity 3173K, committed 3248K, reserved 1048576K
Event: 27.209 GC heap after
Heap after GC invocations=11 (full 2):
 PSYoungGen      total 36864K, used 1630K [0x00000000d6000000, 0x00000000d9200000, 0x0000000100000000)
  eden space 22528K, 0% used [0x00000000d6000000,0x00000000d6000000,0x00000000d7600000)
  from space 14336K, 11% used [0x00000000d7600000,0x00000000d77978f8,0x00000000d8400000)
  to   space 14336K, 0% used [0x00000000d8400000,0x00000000d8400000,0x00000000d9200000)
 ParOldGen       total 52736K, used 11995K [0x0000000082000000, 0x0000000085380000, 0x00000000d6000000)
  object space 52736K, 22% used [0x0000000082000000,0x0000000082bb6f40,0x0000000085380000)
 Metaspace       used 25965K, capacity 26330K, committed 26800K, reserved 1073152K
  class space    used 3070K, capacity 3173K, committed 3248K, reserved 1048576K
}

