# JRE version: Java(TM) SE Runtime Environment (8.0_271-b09) (build 1.8.0_271-b09)
# Java VM: Java HotSpot(TM) 64-Bit Server VM (25.271-b09 mixed mode windows-amd64 compressed oops)
Heap:
 PSYoungGen      total 37888K, used 2210K [0x00000000d6000000, 0x00000000d8a00000, 0x0000000100000000)
  eden space 32768K, 1% used [0x00000000d6000000,0x00000000d609c2b0,0x00000000d8000000)
  from space 5120K, 30% used [0x00000000d8000000,0x00000000d818c7a0,0x00000000d8500000)
  to   space 5120K, 0% used [0x00000000d8500000,0x00000000d8500000,0x00000000d8a00000)
 ParOldGen       total 53248K, used 11970K [0x0000000082000000, 0x0000000085400000, 0x00000000d6000000)
  object space 53248K, 22% used [0x0000000082000000,0x0000000082bb0b28,0x0000000085400000)
 Metaspace       used 26075K, capacity 26426K, committed 26800K, reserved 1073152K
  class space    used 3094K, capacity 3205K, committed 3248K, reserved 1048576K
GC Heap History (10 events):
Event: 7.945 GC heap before
{Heap before GC invocations=3 (full 1):
 PSYoungGen      total 37888K, used 5088K [0x00000000d6000000, 0x00000000d8a00000, 0x0000000100000000)
  eden space 32768K, 0% used [0x00000000d6000000,0x00000000d6000000,0x00000000d8000000)
  from space 5120K, 99% used [0x00000000d8500000,0x00000000d89f8050,0x00000000d8a00000)
  to   space 5120K, 0% used [0x00000000d8000000,0x00000000d8000000,0x00000000d8500000)
 ParOldGen       total 86016K, used 13399K [0x0000000082000000, 0x0000000087400000, 0x00000000d6000000)
  object space 86016K, 15% used [0x0000000082000000,0x0000000082d15e00,0x0000000087400000)
 Metaspace       used 20878K, capacity 21168K, committed 21296K, reserved 1069056K
  class space    used 2471K, capacity 2588K, committed 2608K, reserved 1048576K
Event: 7.972 GC heap after
Heap after GC invocations=3 (full 1):
 PSYoungGen      total 37888K, used 0K [0x00000000d6000000, 0x00000000d8a00000, 0x0000000100000000)
  eden space 32768K, 0% used [0x00000000d6000000,0x00000000d6000000,0x00000000d8000000)
  from space 5120K, 0% used [0x00000000d8500000,0x00000000d8500000,0x00000000d8a00000)
  to   space 5120K, 0% used [0x00000000d8000000,0x00000000d8000000,0x00000000d8500000)
 ParOldGen       total 53248K, used 11294K [0x0000000082000000, 0x0000000085400000, 0x00000000d6000000)
  object space 53248K, 21% used [0x0000000082000000,0x0000000082b07a88,0x0000000085400000)
 Metaspace       used 20878K, capacity 21168K, committed 21296K, reserved 1069056K
  class space    used 2471K, capacity 2588K, committed 2608K, reserved 1048576K
}
Event: 12.537 GC heap before
{Heap before GC invocations=4 (full 1):
 PSYoungGen      total 37888K, used 10109K [0x00000000d6000000, 0x00000000d8a00000, 0x0000000100000000)
  eden space 32768K, 30% used [0x00000000d6000000,0x00000000d69df4b0,0x00000000d8000000)
  from space 5120K, 0% used [0x00000000d8500000,0x00000000d8500000,0x00000000d8a00000)
  to   space 5120K, 0% used [0x00000000d8000000,0x00000000d8000000,0x00000000d8500000)
 ParOldGen       total 53248K, used 11294K [0x0000000082000000, 0x0000000085400000, 0x00000000d6000000)
  object space 53248K, 21% used [0x0000000082000000,0x0000000082b07a88,0x0000000085400000)
 Metaspace       used 23860K, capacity 24244K, committed 24496K, reserved 1071104K
  class space    used 2837K, capacity 2948K, committed 2992K, reserved 1048576K
Event: 12.541 GC heap after
Heap after GC invocations=4 (full 1):
 PSYoungGen      total 37888K, used 4467K [0x00000000d6000000, 0x00000000d8a00000, 0x0000000100000000)
  eden space 32768K, 0% used [0x00000000d6000000,0x00000000d6000000,0x00000000d8000000)
  from space 5120K, 87% used [0x00000000d8000000,0x00000000d845cda0,0x00000000d8500000)
  to   space 5120K, 0% used [0x00000000d8500000,0x00000000d8500000,0x00000000d8a00000)
 ParOldGen       total 53248K, used 16836K [0x0000000082000000, 0x0000000085400000, 0x00000000d6000000)
  object space 53248K, 31% used [0x0000000082000000,0x00000000830710a8,0x0000000085400000)
 Metaspace       used 23860K, capacity 24244K, committed 24496K, reserved 1071104K
  class space    used 2837K, capacity 2948K, committed 2992K, reserved 1048576K
}
Event: 12.541 GC heap before
{Heap before GC invocations=5 (full 2):
 PSYoungGen      total 37888K, used 4467K [0x00000000d6000000, 0x00000000d8a00000, 0x0000000100000000)
  eden space 32768K, 0% used [0x00000000d6000000,0x00000000d6000000,0x00000000d8000000)
  from space 5120K, 87% used [0x00000000d8000000,0x00000000d845cda0,0x00000000d8500000)
  to   space 5120K, 0% used [0x00000000d8500000,0x00000000d8500000,0x00000000d8a00000)
 ParOldGen       total 53248K, used 16836K [0x0000000082000000, 0x0000000085400000, 0x00000000d6000000)
  object space 53248K, 31% used [0x0000000082000000,0x00000000830710a8,0x0000000085400000)
 Metaspace       used 23860K, capacity 24244K, committed 24496K, reserved 1071104K
  class space    used 2837K, capacity 2948K, committed 2992K, reserved 1048576K
Event: 12.576 GC heap after
Heap after GC invocations=5 (full 2):
 PSYoungGen      total 37888K, used 0K [0x00000000d6000000, 0x00000000d8a00000, 0x0000000100000000)
  eden space 32768K, 0% used [0x00000000d6000000,0x00000000d6000000,0x00000000d8000000)
  from space 5120K, 0% used [0x00000000d8000000,0x00000000d8000000,0x00000000d8500000)
  to   space 5120K, 0% used [0x00000000d8500000,0x00000000d8500000,0x00000000d8a00000)
 ParOldGen       total 53248K, used 11954K [0x0000000082000000, 0x0000000085400000, 0x00000000d6000000)
  object space 53248K, 22% used [0x0000000082000000,0x0000000082bacb28,0x0000000085400000)
 Metaspace       used 23860K, capacity 24244K, committed 24496K, reserved 1071104K
  class space    used 2837K, capacity 2948K, committed 2992K, reserved 1048576K
}
Event: 17.849 GC heap before
{Heap before GC invocations=6 (full 2):
 PSYoungGen      total 37888K, used 31963K [0x00000000d6000000, 0x00000000d8a00000, 0x0000000100000000)
  eden space 32768K, 97% used [0x00000000d6000000,0x00000000d7f36de8,0x00000000d8000000)
  from space 5120K, 0% used [0x00000000d8000000,0x00000000d8000000,0x00000000d8500000)
  to   space 5120K, 0% used [0x00000000d8500000,0x00000000d8500000,0x00000000d8a00000)
 ParOldGen       total 53248K, used 11954K [0x0000000082000000, 0x0000000085400000, 0x00000000d6000000)
  object space 53248K, 22% used [0x0000000082000000,0x0000000082bacb28,0x0000000085400000)
 Metaspace       used 24718K, capacity 25044K, committed 25392K, reserved 1071104K
  class space    used 2914K, capacity 3044K, committed 3120K, reserved 1048576K
Event: 17.850 GC heap after
Heap after GC invocations=6 (full 2):
 PSYoungGen      total 37888K, used 4080K [0x00000000d6000000, 0x00000000d8a00000, 0x0000000100000000)
  eden space 32768K, 0% used [0x00000000d6000000,0x00000000d6000000,0x00000000d8000000)
  from space 5120K, 79% used [0x00000000d8500000,0x00000000d88fc078,0x00000000d8a00000)
  to   space 5120K, 0% used [0x00000000d8000000,0x00000000d8000000,0x00000000d8500000)
 ParOldGen       total 53248K, used 11962K [0x0000000082000000, 0x0000000085400000, 0x00000000d6000000)
  object space 53248K, 22% used [0x0000000082000000,0x0000000082baeb28,0x0000000085400000)
 Metaspace       used 24718K, capacity 25044K, committed 25392K, reserved 1071104K
  class space    used 2914K, capacity 3044K, committed 3120K, reserved 1048576K
}
Event: 25.007 GC heap before
{Heap before GC invocations=7 (full 2):
 PSYoungGen      total 37888K, used 36848K [0x00000000d6000000, 0x00000000d8a00000, 0x0000000100000000)
  eden space 32768K, 100% used [0x00000000d6000000,0x00000000d8000000,0x00000000d8000000)
  from space 5120K, 79% used [0x00000000d8500000,0x00000000d88fc078,0x00000000d8a00000)
  to   space 5120K, 0% used [0x00000000d8000000,0x00000000d8000000,0x00000000d8500000)
 ParOldGen       total 53248K, used 11962K [0x0000000082000000, 0x0000000085400000, 0x00000000d6000000)
  object space 53248K, 22% used [0x0000000082000000,0x0000000082baeb28,0x0000000085400000)
 Metaspace       used 25985K, capacity 26298K, committed 26544K, reserved 1073152K
  class space    used 3079K, capacity 3205K, committed 3248K, reserved 1048576K
Event: 25.008 GC heap after
Heap after GC invocations=7 (full 2):
 PSYoungGen      total 37888K, used 1585K [0x00000000d6000000, 0x00000000d8a00000, 0x0000000100000000)
  eden space 32768K, 0% used [0x00000000d6000000,0x00000000d6000000,0x00000000d8000000)
  from space 5120K, 30% used [0x00000000d8000000,0x00000000d818c7a0,0x00000000d8500000)
  to   space 5120K, 0% used [0x00000000d8500000,0x00000000d8500000,0x00000000d8a00000)
 ParOldGen       total 53248K, used 11970K [0x0000000082000000, 0x0000000085400000, 0x00000000d6000000)
  object space 53248K, 22% used [0x0000000082000000,0x0000000082bb0b28,0x0000000085400000)
 Metaspace       used 25985K, capacity 26298K, committed 26544K, reserved 1073152K
  class space    used 3079K, capacity 3205K, committed 3248K, reserved 1048576K
}

