# JRE version: Java(TM) SE Runtime Environment (8.0_271-b09) (build 1.8.0_271-b09)
# Java VM: Java HotSpot(TM) 64-Bit Server VM (25.271-b09 mixed mode windows-amd64 compressed oops)
Heap:
 PSYoungGen      total 29696K, used 21913K [0x00000000d6000000, 0x00000000d8280000, 0x0000000100000000)
  eden space 24064K, 75% used [0x00000000d6000000,0x00000000d71c3498,0x00000000d7780000)
  from space 5632K, 66% used [0x00000000d7780000,0x00000000d7b23030,0x00000000d7d00000)
  to   space 5632K, 0% used [0x00000000d7d00000,0x00000000d7d00000,0x00000000d8280000)
 ParOldGen       total 49664K, used 12688K [0x0000000082000000, 0x0000000085080000, 0x00000000d6000000)
  object space 49664K, 25% used [0x0000000082000000,0x0000000082c64298,0x0000000085080000)
 Metaspace       used 26184K, capacity 26530K, committed 26800K, reserved 1073152K
  class space    used 3090K, capacity 3173K, committed 3248K, reserved 1048576K
GC Heap History (10 events):
Event: 29.610 GC heap before
{Heap before GC invocations=33 (full 2):
 PSYoungGen      total 29696K, used 26503K [0x00000000d6000000, 0x00000000d8380000, 0x0000000100000000)
  eden space 24064K, 96% used [0x00000000d6000000,0x00000000d76be7b0,0x00000000d7780000)
  from space 5632K, 57% used [0x00000000d7e00000,0x00000000d8123728,0x00000000d8380000)
  to   space 6144K, 0% used [0x00000000d7780000,0x00000000d7780000,0x00000000d7d80000)
 ParOldGen       total 49664K, used 12555K [0x0000000082000000, 0x0000000085080000, 0x00000000d6000000)
  object space 49664K, 25% used [0x0000000082000000,0x0000000082c42ce8,0x0000000085080000)
 Metaspace       used 25294K, capacity 25628K, committed 25904K, reserved 1073152K
  class space    used 2948K, capacity 3044K, committed 3120K, reserved 1048576K
Event: 29.611 GC heap after
Heap after GC invocations=33 (full 2):
 PSYoungGen      total 30208K, used 4141K [0x00000000d6000000, 0x00000000d8380000, 0x0000000100000000)
  eden space 24064K, 0% used [0x00000000d6000000,0x00000000d6000000,0x00000000d7780000)
  from space 6144K, 67% used [0x00000000d7780000,0x00000000d7b8b690,0x00000000d7d80000)
  to   space 6144K, 0% used [0x00000000d7d80000,0x00000000d7d80000,0x00000000d8380000)
 ParOldGen       total 49664K, used 12563K [0x0000000082000000, 0x0000000085080000, 0x00000000d6000000)
  object space 49664K, 25% used [0x0000000082000000,0x0000000082c44ce8,0x0000000085080000)
 Metaspace       used 25294K, capacity 25628K, committed 25904K, reserved 1073152K
  class space    used 2948K, capacity 3044K, committed 3120K, reserved 1048576K
}
Event: 30.271 GC heap before
{Heap before GC invocations=34 (full 2):
 PSYoungGen      total 30208K, used 28056K [0x00000000d6000000, 0x00000000d8380000, 0x0000000100000000)
  eden space 24064K, 99% used [0x00000000d6000000,0x00000000d775ac48,0x00000000d7780000)
  from space 6144K, 67% used [0x00000000d7780000,0x00000000d7b8b690,0x00000000d7d80000)
  to   space 6144K, 0% used [0x00000000d7d80000,0x00000000d7d80000,0x00000000d8380000)
 ParOldGen       total 49664K, used 12563K [0x0000000082000000, 0x0000000085080000, 0x00000000d6000000)
  object space 49664K, 25% used [0x0000000082000000,0x0000000082c44ce8,0x0000000085080000)
 Metaspace       used 25306K, capacity 25628K, committed 25904K, reserved 1073152K
  class space    used 2948K, capacity 3044K, committed 3120K, reserved 1048576K
Event: 30.272 GC heap after
Heap after GC invocations=34 (full 2):
 PSYoungGen      total 30208K, used 4016K [0x00000000d6000000, 0x00000000d8380000, 0x0000000100000000)
  eden space 24064K, 0% used [0x00000000d6000000,0x00000000d6000000,0x00000000d7780000)
  from space 6144K, 65% used [0x00000000d7d80000,0x00000000d816c078,0x00000000d8380000)
  to   space 6144K, 0% used [0x00000000d7780000,0x00000000d7780000,0x00000000d7d80000)
 ParOldGen       total 49664K, used 12595K [0x0000000082000000, 0x0000000085080000, 0x00000000d6000000)
  object space 49664K, 25% used [0x0000000082000000,0x0000000082c4cce8,0x0000000085080000)
 Metaspace       used 25306K, capacity 25628K, committed 25904K, reserved 1073152K
  class space    used 2948K, capacity 3044K, committed 3120K, reserved 1048576K
}
Event: 30.860 GC heap before
{Heap before GC invocations=35 (full 2):
 PSYoungGen      total 30208K, used 27887K [0x00000000d6000000, 0x00000000d8380000, 0x0000000100000000)
  eden space 24064K, 99% used [0x00000000d6000000,0x00000000d774fb90,0x00000000d7780000)
  from space 6144K, 65% used [0x00000000d7d80000,0x00000000d816c078,0x00000000d8380000)
  to   space 6144K, 0% used [0x00000000d7780000,0x00000000d7780000,0x00000000d7d80000)
 ParOldGen       total 49664K, used 12595K [0x0000000082000000, 0x0000000085080000, 0x00000000d6000000)
  object space 49664K, 25% used [0x0000000082000000,0x0000000082c4cce8,0x0000000085080000)
 Metaspace       used 25306K, capacity 25628K, committed 25904K, reserved 1073152K
  class space    used 2948K, capacity 3044K, committed 3120K, reserved 1048576K
Event: 30.861 GC heap after
Heap after GC invocations=35 (full 2):
 PSYoungGen      total 30208K, used 4016K [0x00000000d6000000, 0x00000000d8380000, 0x0000000100000000)
  eden space 24064K, 0% used [0x00000000d6000000,0x00000000d6000000,0x00000000d7780000)
  from space 6144K, 65% used [0x00000000d7780000,0x00000000d7b6c078,0x00000000d7d80000)
  to   space 6144K, 0% used [0x00000000d7d80000,0x00000000d7d80000,0x00000000d8380000)
 ParOldGen       total 49664K, used 12619K [0x0000000082000000, 0x0000000085080000, 0x00000000d6000000)
  object space 49664K, 25% used [0x0000000082000000,0x0000000082c52ce8,0x0000000085080000)
 Metaspace       used 25306K, capacity 25628K, committed 25904K, reserved 1073152K
  class space    used 2948K, capacity 3044K, committed 3120K, reserved 1048576K
}
Event: 31.473 GC heap before
{Heap before GC invocations=36 (full 2):
 PSYoungGen      total 30208K, used 27891K [0x00000000d6000000, 0x00000000d8380000, 0x0000000100000000)
  eden space 24064K, 99% used [0x00000000d6000000,0x00000000d7750cc0,0x00000000d7780000)
  from space 6144K, 65% used [0x00000000d7780000,0x00000000d7b6c078,0x00000000d7d80000)
  to   space 6144K, 0% used [0x00000000d7d80000,0x00000000d7d80000,0x00000000d8380000)
 ParOldGen       total 49664K, used 12619K [0x0000000082000000, 0x0000000085080000, 0x00000000d6000000)
  object space 49664K, 25% used [0x0000000082000000,0x0000000082c52ce8,0x0000000085080000)
 Metaspace       used 25306K, capacity 25628K, committed 25904K, reserved 1073152K
  class space    used 2948K, capacity 3044K, committed 3120K, reserved 1048576K
Event: 31.474 GC heap after
Heap after GC invocations=36 (full 2):
 PSYoungGen      total 29184K, used 3984K [0x00000000d6000000, 0x00000000d8280000, 0x0000000100000000)
  eden space 24064K, 0% used [0x00000000d6000000,0x00000000d6000000,0x00000000d7780000)
  from space 5120K, 77% used [0x00000000d7d80000,0x00000000d8164078,0x00000000d8280000)
  to   space 5632K, 0% used [0x00000000d7780000,0x00000000d7780000,0x00000000d7d00000)
 ParOldGen       total 49664K, used 12656K [0x0000000082000000, 0x0000000085080000, 0x00000000d6000000)
  object space 49664K, 25% used [0x0000000082000000,0x0000000082c5c298,0x0000000085080000)
 Metaspace       used 25306K, capacity 25628K, committed 25904K, reserved 1073152K
  class space    used 2948K, capacity 3044K, committed 3120K, reserved 1048576K
}
Event: 32.007 GC heap before
{Heap before GC invocations=37 (full 2):
 PSYoungGen      total 29184K, used 27911K [0x00000000d6000000, 0x00000000d8280000, 0x0000000100000000)
  eden space 24064K, 99% used [0x00000000d6000000,0x00000000d775dc48,0x00000000d7780000)
  from space 5120K, 77% used [0x00000000d7d80000,0x00000000d8164078,0x00000000d8280000)
  to   space 5632K, 0% used [0x00000000d7780000,0x00000000d7780000,0x00000000d7d00000)
 ParOldGen       total 49664K, used 12656K [0x0000000082000000, 0x0000000085080000, 0x00000000d6000000)
  object space 49664K, 25% used [0x0000000082000000,0x0000000082c5c298,0x0000000085080000)
 Metaspace       used 26009K, capacity 26370K, committed 26800K, reserved 1073152K
  class space    used 3058K, capacity 3141K, committed 3248K, reserved 1048576K
Event: 32.008 GC heap after
Heap after GC invocations=37 (full 2):
 PSYoungGen      total 29696K, used 3724K [0x00000000d6000000, 0x00000000d8280000, 0x0000000100000000)
  eden space 24064K, 0% used [0x00000000d6000000,0x00000000d6000000,0x00000000d7780000)
  from space 5632K, 66% used [0x00000000d7780000,0x00000000d7b23030,0x00000000d7d00000)
  to   space 5632K, 0% used [0x00000000d7d00000,0x00000000d7d00000,0x00000000d8280000)
 ParOldGen       total 49664K, used 12688K [0x0000000082000000, 0x0000000085080000, 0x00000000d6000000)
  object space 49664K, 25% used [0x0000000082000000,0x0000000082c64298,0x0000000085080000)
 Metaspace       used 26009K, capacity 26370K, committed 26800K, reserved 1073152K
  class space    used 3058K, capacity 3141K, committed 3248K, reserved 1048576K
}

