# JRE version: Java(TM) SE Runtime Environment (8.0_271-b09) (build 1.8.0_271-b09)
# Java VM: Java HotSpot(TM) 64-Bit Server VM (25.271-b09 mixed mode windows-amd64 compressed oops)
Heap:
 PSYoungGen      total 35840K, used 8762K [0x00000000d6000000, 0x00000000d9000000, 0x0000000100000000)
  eden space 23552K, 17% used [0x00000000d6000000,0x00000000d641dff8,0x00000000d7700000)
  from space 12288K, 37% used [0x00000000d8400000,0x00000000d8870b08,0x00000000d9000000)
  to   space 12800K, 0% used [0x00000000d7700000,0x00000000d7700000,0x00000000d8380000)
 ParOldGen       total 50688K, used 11927K [0x0000000082000000, 0x0000000085180000, 0x00000000d6000000)
  object space 50688K, 23% used [0x0000000082000000,0x0000000082ba5c08,0x0000000085180000)
 Metaspace       used 26055K, capacity 26426K, committed 26800K, reserved 1073152K
  class space    used 3094K, capacity 3205K, committed 3248K, reserved 1048576K
GC Heap History (10 events):
Event: 12.955 GC heap before
{Heap before GC invocations=6 (full 2):
 PSYoungGen      total 37888K, used 32768K [0x00000000d6000000, 0x00000000d8a00000, 0x0000000100000000)
  eden space 32768K, 100% used [0x00000000d6000000,0x00000000d8000000,0x00000000d8000000)
  from space 5120K, 0% used [0x00000000d8000000,0x00000000d8000000,0x00000000d8500000)
  to   space 5120K, 0% used [0x00000000d8500000,0x00000000d8500000,0x00000000d8a00000)
 ParOldGen       total 50688K, used 11887K [0x0000000082000000, 0x0000000085180000, 0x00000000d6000000)
  object space 50688K, 23% used [0x0000000082000000,0x0000000082b9bc08,0x0000000085180000)
 Metaspace       used 24668K, capacity 25044K, committed 25392K, reserved 1071104K
  class space    used 2914K, capacity 3044K, committed 3120K, reserved 1048576K
Event: 12.956 GC heap after
Heap after GC invocations=6 (full 2):
 PSYoungGen      total 37888K, used 3180K [0x00000000d6000000, 0x00000000d8a00000, 0x0000000100000000)
  eden space 32768K, 0% used [0x00000000d6000000,0x00000000d6000000,0x00000000d8000000)
  from space 5120K, 62% used [0x00000000d8500000,0x00000000d881b030,0x00000000d8a00000)
  to   space 5120K, 0% used [0x00000000d8000000,0x00000000d8000000,0x00000000d8500000)
 ParOldGen       total 50688K, used 11895K [0x0000000082000000, 0x0000000085180000, 0x00000000d6000000)
  object space 50688K, 23% used [0x0000000082000000,0x0000000082b9dc08,0x0000000085180000)
 Metaspace       used 24668K, capacity 25044K, committed 25392K, reserved 1071104K
  class space    used 2914K, capacity 3044K, committed 3120K, reserved 1048576K
}
Event: 13.663 GC heap before
{Heap before GC invocations=7 (full 2):
 PSYoungGen      total 37888K, used 35768K [0x00000000d6000000, 0x00000000d8a00000, 0x0000000100000000)
  eden space 32768K, 99% used [0x00000000d6000000,0x00000000d7fd32e0,0x00000000d8000000)
  from space 5120K, 62% used [0x00000000d8500000,0x00000000d881b030,0x00000000d8a00000)
  to   space 5120K, 0% used [0x00000000d8000000,0x00000000d8000000,0x00000000d8500000)
 ParOldGen       total 50688K, used 11895K [0x0000000082000000, 0x0000000085180000, 0x00000000d6000000)
  object space 50688K, 23% used [0x0000000082000000,0x0000000082b9dc08,0x0000000085180000)
 Metaspace       used 24679K, capacity 25044K, committed 25392K, reserved 1071104K
  class space    used 2914K, capacity 3044K, committed 3120K, reserved 1048576K
Event: 13.664 GC heap after
Heap after GC invocations=7 (full 2):
 PSYoungGen      total 37888K, used 4112K [0x00000000d6000000, 0x00000000d8a00000, 0x0000000100000000)
  eden space 32768K, 0% used [0x00000000d6000000,0x00000000d6000000,0x00000000d8000000)
  from space 5120K, 80% used [0x00000000d8000000,0x00000000d8404078,0x00000000d8500000)
  to   space 5120K, 0% used [0x00000000d8500000,0x00000000d8500000,0x00000000d8a00000)
 ParOldGen       total 50688K, used 11903K [0x0000000082000000, 0x0000000085180000, 0x00000000d6000000)
  object space 50688K, 23% used [0x0000000082000000,0x0000000082b9fc08,0x0000000085180000)
 Metaspace       used 24679K, capacity 25044K, committed 25392K, reserved 1071104K
  class space    used 2914K, capacity 3044K, committed 3120K, reserved 1048576K
}
Event: 14.435 GC heap before
{Heap before GC invocations=8 (full 2):
 PSYoungGen      total 37888K, used 36124K [0x00000000d6000000, 0x00000000d8a00000, 0x0000000100000000)
  eden space 32768K, 97% used [0x00000000d6000000,0x00000000d7f431e0,0x00000000d8000000)
  from space 5120K, 80% used [0x00000000d8000000,0x00000000d8404078,0x00000000d8500000)
  to   space 5120K, 0% used [0x00000000d8500000,0x00000000d8500000,0x00000000d8a00000)
 ParOldGen       total 50688K, used 11903K [0x0000000082000000, 0x0000000085180000, 0x00000000d6000000)
  object space 50688K, 23% used [0x0000000082000000,0x0000000082b9fc08,0x0000000085180000)
 Metaspace       used 25166K, capacity 25524K, committed 25904K, reserved 1073152K
  class space    used 2952K, capacity 3076K, committed 3120K, reserved 1048576K
Event: 14.436 GC heap after
Heap after GC invocations=8 (full 2):
 PSYoungGen      total 28672K, used 1605K [0x00000000d6000000, 0x00000000d9b80000, 0x0000000100000000)
  eden space 23552K, 0% used [0x00000000d6000000,0x00000000d6000000,0x00000000d7700000)
  from space 5120K, 31% used [0x00000000d8500000,0x00000000d8691708,0x00000000d8a00000)
  to   space 14336K, 0% used [0x00000000d7700000,0x00000000d7700000,0x00000000d8500000)
 ParOldGen       total 50688K, used 11911K [0x0000000082000000, 0x0000000085180000, 0x00000000d6000000)
  object space 50688K, 23% used [0x0000000082000000,0x0000000082ba1c08,0x0000000085180000)
 Metaspace       used 25166K, capacity 25524K, committed 25904K, reserved 1073152K
  class space    used 2952K, capacity 3076K, committed 3120K, reserved 1048576K
}
Event: 14.909 GC heap before
{Heap before GC invocations=9 (full 2):
 PSYoungGen      total 28672K, used 25157K [0x00000000d6000000, 0x00000000d9b80000, 0x0000000100000000)
  eden space 23552K, 100% used [0x00000000d6000000,0x00000000d7700000,0x00000000d7700000)
  from space 5120K, 31% used [0x00000000d8500000,0x00000000d8691708,0x00000000d8a00000)
  to   space 14336K, 0% used [0x00000000d7700000,0x00000000d7700000,0x00000000d8500000)
 ParOldGen       total 50688K, used 11911K [0x0000000082000000, 0x0000000085180000, 0x00000000d6000000)
  object space 50688K, 23% used [0x0000000082000000,0x0000000082ba1c08,0x0000000085180000)
 Metaspace       used 25690K, capacity 26036K, committed 26288K, reserved 1073152K
  class space    used 3037K, capacity 3140K, committed 3248K, reserved 1048576K
Event: 14.910 GC heap after
Heap after GC invocations=9 (full 2):
 PSYoungGen      total 27648K, used 3689K [0x00000000d6000000, 0x00000000d9100000, 0x0000000100000000)
  eden space 23552K, 0% used [0x00000000d6000000,0x00000000d6000000,0x00000000d7700000)
  from space 4096K, 90% used [0x00000000d7700000,0x00000000d7a9a648,0x00000000d7b00000)
  to   space 13312K, 0% used [0x00000000d8400000,0x00000000d8400000,0x00000000d9100000)
 ParOldGen       total 50688K, used 11919K [0x0000000082000000, 0x0000000085180000, 0x00000000d6000000)
  object space 50688K, 23% used [0x0000000082000000,0x0000000082ba3c08,0x0000000085180000)
 Metaspace       used 25690K, capacity 26036K, committed 26288K, reserved 1073152K
  class space    used 3037K, capacity 3140K, committed 3248K, reserved 1048576K
}
Event: 15.395 GC heap before
{Heap before GC invocations=10 (full 2):
 PSYoungGen      total 27648K, used 26938K [0x00000000d6000000, 0x00000000d9100000, 0x0000000100000000)
  eden space 23552K, 98% used [0x00000000d6000000,0x00000000d76b4560,0x00000000d7700000)
  from space 4096K, 90% used [0x00000000d7700000,0x00000000d7a9a648,0x00000000d7b00000)
  to   space 13312K, 0% used [0x00000000d8400000,0x00000000d8400000,0x00000000d9100000)
 ParOldGen       total 50688K, used 11919K [0x0000000082000000, 0x0000000085180000, 0x00000000d6000000)
  object space 50688K, 23% used [0x0000000082000000,0x0000000082ba3c08,0x0000000085180000)
 Metaspace       used 25879K, capacity 26202K, committed 26544K, reserved 1073152K
  class space    used 3062K, capacity 3173K, committed 3248K, reserved 1048576K
Event: 15.396 GC heap after
Heap after GC invocations=10 (full 2):
 PSYoungGen      total 35840K, used 4546K [0x00000000d6000000, 0x00000000d9000000, 0x0000000100000000)
  eden space 23552K, 0% used [0x00000000d6000000,0x00000000d6000000,0x00000000d7700000)
  from space 12288K, 37% used [0x00000000d8400000,0x00000000d8870b08,0x00000000d9000000)
  to   space 12800K, 0% used [0x00000000d7700000,0x00000000d7700000,0x00000000d8380000)
 ParOldGen       total 50688K, used 11927K [0x0000000082000000, 0x0000000085180000, 0x00000000d6000000)
  object space 50688K, 23% used [0x0000000082000000,0x0000000082ba5c08,0x0000000085180000)
 Metaspace       used 25879K, capacity 26202K, committed 26544K, reserved 1073152K
  class space    used 3062K, capacity 3173K, committed 3248K, reserved 1048576K
}

