# JRE version: Java(TM) SE Runtime Environment (8.0_271-b09) (build 1.8.0_271-b09)
# Java VM: Java HotSpot(TM) 64-Bit Server VM (25.271-b09 mixed mode windows-amd64 compressed oops)
Heap:
 PSYoungGen      total 34816K, used 14561K [0x00000000d6000000, 0x00000000d8e80000, 0x0000000100000000)
  eden space 23040K, 46% used [0x00000000d6000000,0x00000000d6a609a8,0x00000000d7680000)
  from space 11776K, 33% used [0x00000000d8300000,0x00000000d86d7ac0,0x00000000d8e80000)
  to   space 12288K, 0% used [0x00000000d7680000,0x00000000d7680000,0x00000000d8280000)
 ParOldGen       total 52224K, used 11950K [0x0000000082000000, 0x0000000085300000, 0x00000000d6000000)
  object space 52224K, 22% used [0x0000000082000000,0x0000000082bab9c0,0x0000000085300000)
 Metaspace       used 26067K, capacity 26426K, committed 26800K, reserved 1073152K
  class space    used 3092K, capacity 3205K, committed 3248K, reserved 1048576K
GC Heap History (10 events):
Event: 16.482 GC heap before
{Heap before GC invocations=10 (full 2):
 PSYoungGen      total 27648K, used 26396K [0x00000000d6000000, 0x00000000d9280000, 0x0000000100000000)
  eden space 23040K, 96% used [0x00000000d6000000,0x00000000d75bb2e8,0x00000000d7680000)
  from space 4608K, 89% used [0x00000000d7680000,0x00000000d7a8c078,0x00000000d7b00000)
  to   space 14336K, 0% used [0x00000000d8480000,0x00000000d8480000,0x00000000d9280000)
 ParOldGen       total 52224K, used 11918K [0x0000000082000000, 0x0000000085300000, 0x00000000d6000000)
  object space 52224K, 22% used [0x0000000082000000,0x0000000082ba39c0,0x0000000085300000)
 Metaspace       used 24692K, capacity 25044K, committed 25392K, reserved 1071104K
  class space    used 2913K, capacity 3044K, committed 3120K, reserved 1048576K
Event: 16.483 GC heap after
Heap after GC invocations=10 (full 2):
 PSYoungGen      total 36352K, used 4176K [0x00000000d6000000, 0x00000000d9180000, 0x0000000100000000)
  eden space 23040K, 0% used [0x00000000d6000000,0x00000000d6000000,0x00000000d7680000)
  from space 13312K, 31% used [0x00000000d8480000,0x00000000d8894078,0x00000000d9180000)
  to   space 13824K, 0% used [0x00000000d7680000,0x00000000d7680000,0x00000000d8400000)
 ParOldGen       total 52224K, used 11918K [0x0000000082000000, 0x0000000085300000, 0x00000000d6000000)
  object space 52224K, 22% used [0x0000000082000000,0x0000000082ba39c0,0x0000000085300000)
 Metaspace       used 24692K, capacity 25044K, committed 25392K, reserved 1071104K
  class space    used 2913K, capacity 3044K, committed 3120K, reserved 1048576K
}
Event: 17.076 GC heap before
{Heap before GC invocations=11 (full 2):
 PSYoungGen      total 36352K, used 27121K [0x00000000d6000000, 0x00000000d9180000, 0x0000000100000000)
  eden space 23040K, 99% used [0x00000000d6000000,0x00000000d7668540,0x00000000d7680000)
  from space 13312K, 31% used [0x00000000d8480000,0x00000000d8894078,0x00000000d9180000)
  to   space 13824K, 0% used [0x00000000d7680000,0x00000000d7680000,0x00000000d8400000)
 ParOldGen       total 52224K, used 11918K [0x0000000082000000, 0x0000000085300000, 0x00000000d6000000)
  object space 52224K, 22% used [0x0000000082000000,0x0000000082ba39c0,0x0000000085300000)
 Metaspace       used 24700K, capacity 25044K, committed 25392K, reserved 1071104K
  class space    used 2913K, capacity 3044K, committed 3120K, reserved 1048576K
Event: 17.077 GC heap after
Heap after GC invocations=11 (full 2):
 PSYoungGen      total 26624K, used 3244K [0x00000000d6000000, 0x00000000d9080000, 0x0000000100000000)
  eden space 23040K, 0% used [0x00000000d6000000,0x00000000d6000000,0x00000000d7680000)
  from space 3584K, 90% used [0x00000000d7680000,0x00000000d79ab030,0x00000000d7a00000)
  to   space 13312K, 0% used [0x00000000d8380000,0x00000000d8380000,0x00000000d9080000)
 ParOldGen       total 52224K, used 11926K [0x0000000082000000, 0x0000000085300000, 0x00000000d6000000)
  object space 52224K, 22% used [0x0000000082000000,0x0000000082ba59c0,0x0000000085300000)
 Metaspace       used 24700K, capacity 25044K, committed 25392K, reserved 1071104K
  class space    used 2913K, capacity 3044K, committed 3120K, reserved 1048576K
}
Event: 17.616 GC heap before
{Heap before GC invocations=12 (full 2):
 PSYoungGen      total 26624K, used 25603K [0x00000000d6000000, 0x00000000d9080000, 0x0000000100000000)
  eden space 23040K, 97% used [0x00000000d6000000,0x00000000d75d5e60,0x00000000d7680000)
  from space 3584K, 90% used [0x00000000d7680000,0x00000000d79ab030,0x00000000d7a00000)
  to   space 13312K, 0% used [0x00000000d8380000,0x00000000d8380000,0x00000000d9080000)
 ParOldGen       total 52224K, used 11926K [0x0000000082000000, 0x0000000085300000, 0x00000000d6000000)
  object space 52224K, 22% used [0x0000000082000000,0x0000000082ba59c0,0x0000000085300000)
 Metaspace       used 25172K, capacity 25524K, committed 25904K, reserved 1073152K
  class space    used 2950K, capacity 3076K, committed 3120K, reserved 1048576K
Event: 17.617 GC heap after
Heap after GC invocations=12 (full 2):
 PSYoungGen      total 35328K, used 4369K [0x00000000d6000000, 0x00000000d8f80000, 0x0000000100000000)
  eden space 23040K, 0% used [0x00000000d6000000,0x00000000d6000000,0x00000000d7680000)
  from space 12288K, 35% used [0x00000000d8380000,0x00000000d87c4770,0x00000000d8f80000)
  to   space 12800K, 0% used [0x00000000d7680000,0x00000000d7680000,0x00000000d8300000)
 ParOldGen       total 52224K, used 11934K [0x0000000082000000, 0x0000000085300000, 0x00000000d6000000)
  object space 52224K, 22% used [0x0000000082000000,0x0000000082ba79c0,0x0000000085300000)
 Metaspace       used 25172K, capacity 25524K, committed 25904K, reserved 1073152K
  class space    used 2950K, capacity 3076K, committed 3120K, reserved 1048576K
}
Event: 18.182 GC heap before
{Heap before GC invocations=13 (full 2):
 PSYoungGen      total 35328K, used 26845K [0x00000000d6000000, 0x00000000d8f80000, 0x0000000100000000)
  eden space 23040K, 97% used [0x00000000d6000000,0x00000000d75f2eb0,0x00000000d7680000)
  from space 12288K, 35% used [0x00000000d8380000,0x00000000d87c4770,0x00000000d8f80000)
  to   space 12800K, 0% used [0x00000000d7680000,0x00000000d7680000,0x00000000d8300000)
 ParOldGen       total 52224K, used 11934K [0x0000000082000000, 0x0000000085300000, 0x00000000d6000000)
  object space 52224K, 22% used [0x0000000082000000,0x0000000082ba79c0,0x0000000085300000)
 Metaspace       used 25182K, capacity 25588K, committed 25904K, reserved 1073152K
  class space    used 2950K, capacity 3076K, committed 3120K, reserved 1048576K
Event: 18.183 GC heap after
Heap after GC invocations=13 (full 2):
 PSYoungGen      total 35840K, used 4333K [0x00000000d6000000, 0x00000000d8f80000, 0x0000000100000000)
  eden space 23040K, 0% used [0x00000000d6000000,0x00000000d6000000,0x00000000d7680000)
  from space 12800K, 33% used [0x00000000d7680000,0x00000000d7abb690,0x00000000d8300000)
  to   space 12800K, 0% used [0x00000000d8300000,0x00000000d8300000,0x00000000d8f80000)
 ParOldGen       total 52224K, used 11942K [0x0000000082000000, 0x0000000085300000, 0x00000000d6000000)
  object space 52224K, 22% used [0x0000000082000000,0x0000000082ba99c0,0x0000000085300000)
 Metaspace       used 25182K, capacity 25588K, committed 25904K, reserved 1073152K
  class space    used 2950K, capacity 3076K, committed 3120K, reserved 1048576K
}
Event: 18.649 GC heap before
{Heap before GC invocations=14 (full 2):
 PSYoungGen      total 35840K, used 26759K [0x00000000d6000000, 0x00000000d8f80000, 0x0000000100000000)
  eden space 23040K, 97% used [0x00000000d6000000,0x00000000d75e68f0,0x00000000d7680000)
  from space 12800K, 33% used [0x00000000d7680000,0x00000000d7abb690,0x00000000d8300000)
  to   space 12800K, 0% used [0x00000000d8300000,0x00000000d8300000,0x00000000d8f80000)
 ParOldGen       total 52224K, used 11942K [0x0000000082000000, 0x0000000085300000, 0x00000000d6000000)
  object space 52224K, 22% used [0x0000000082000000,0x0000000082ba99c0,0x0000000085300000)
 Metaspace       used 25891K, capacity 26202K, committed 26544K, reserved 1073152K
  class space    used 3060K, capacity 3173K, committed 3248K, reserved 1048576K
Event: 18.650 GC heap after
Heap after GC invocations=14 (full 2):
 PSYoungGen      total 34816K, used 3934K [0x00000000d6000000, 0x00000000d8e80000, 0x0000000100000000)
  eden space 23040K, 0% used [0x00000000d6000000,0x00000000d6000000,0x00000000d7680000)
  from space 11776K, 33% used [0x00000000d8300000,0x00000000d86d7ac0,0x00000000d8e80000)
  to   space 12288K, 0% used [0x00000000d7680000,0x00000000d7680000,0x00000000d8280000)
 ParOldGen       total 52224K, used 11950K [0x0000000082000000, 0x0000000085300000, 0x00000000d6000000)
  object space 52224K, 22% used [0x0000000082000000,0x0000000082bab9c0,0x0000000085300000)
 Metaspace       used 25891K, capacity 26202K, committed 26544K, reserved 1073152K
  class space    used 3060K, capacity 3173K, committed 3248K, reserved 1048576K
}

